  AnimatedGameSprite.cpp
  Animation.cpp
  Bullet.cpp
  CollisionDetector.cpp
  FontManager.cpp
  Game.cpp
  GameSprite.cpp
  GameText.cpp
  Helpers.cpp
  HighScoreManager.cpp
  Invader.cpp
  InvaderFormationManager.cpp
  Main.cpp
  MouseManager.cpp
  Player.cpp
  ConfigSettingsManager.cpp
  ScoreManager.cpp
  EnemyBullet.cpp
  SoundManager.cpp
  TextInputManager.cpp
  Compiling...
  TextureManager.cpp
  Generating code
  Previous IPDB not found, fall back to full compilation.
  All 1061 functions were compiled because no usable IPDB/IOBJ from previous compilation was found.
  Finished generating code
  SFMLFramework.vcxproj -> C:\Users\Rhys.Myring.ADM\OneDrive - Birmingham City University\Module8\Work\Game\SFMLFramework\Release\SFMLFramework.exe
