c:\users\rhys.myring.adm\onedrive - birmingham city university\module8\work\game\sfmlframework\sfmlframework\release\vc142.pdb
c:\users\rhys.myring.adm\onedrive - birmingham city university\module8\work\game\sfmlframework\sfmlframework\release\player.obj
c:\users\rhys.myring.adm\onedrive - birmingham city university\module8\work\game\sfmlframework\sfmlframework\release\main.obj
c:\users\rhys.myring.adm\onedrive - birmingham city university\module8\work\game\sfmlframework\sfmlframework\release\invader.obj
c:\users\rhys.myring.adm\onedrive - birmingham city university\module8\work\game\sfmlframework\sfmlframework\release\gamesprite.obj
c:\users\rhys.myring.adm\onedrive - birmingham city university\module8\work\game\sfmlframework\sfmlframework\release\game.obj
c:\users\rhys.myring.adm\onedrive - birmingham city university\module8\work\game\sfmlframework\sfmlframework\release\enemybullet.obj
c:\users\rhys.myring.adm\onedrive - birmingham city university\module8\work\game\sfmlframework\sfmlframework\release\scoremanager.obj
c:\users\rhys.myring.adm\onedrive - birmingham city university\module8\work\game\sfmlframework\sfmlframework\release\moveablegameobject.obj
c:\users\rhys.myring.adm\onedrive - birmingham city university\module8\work\game\sfmlframework\sfmlframework\release\helpers.obj
c:\users\rhys.myring.adm\onedrive - birmingham city university\module8\work\game\sfmlframework\sfmlframework\release\gametext.obj
c:\users\rhys.myring.adm\onedrive - birmingham city university\module8\work\game\sfmlframework\sfmlframework\release\collisiondetector.obj
c:\users\rhys.myring.adm\onedrive - birmingham city university\module8\work\game\sfmlframework\sfmlframework\release\bullet.obj
c:\users\rhys.myring.adm\onedrive - birmingham city university\module8\work\game\sfmlframework\sfmlframework\release\texturemanager.obj
c:\users\rhys.myring.adm\onedrive - birmingham city university\module8\work\game\sfmlframework\sfmlframework\release\invaderformationmanager.obj
c:\users\rhys.myring.adm\onedrive - birmingham city university\module8\work\game\sfmlframework\sfmlframework\release\gamesound.obj
c:\users\rhys.myring.adm\onedrive - birmingham city university\module8\work\game\sfmlframework\sfmlframework\release\soundmanager.obj
c:\users\rhys.myring.adm\onedrive - birmingham city university\module8\work\game\sfmlframework\sfmlframework\release\highscoremanager.obj
c:\users\rhys.myring.adm\onedrive - birmingham city university\module8\work\game\sfmlframework\sfmlframework\release\animation.obj
c:\users\rhys.myring.adm\onedrive - birmingham city university\module8\work\game\sfmlframework\sfmlframework\release\animatedgamesprite.obj
c:\users\rhys.myring.adm\onedrive - birmingham city university\module8\work\game\sfmlframework\sfmlframework\release\textinputmanager.obj
c:\users\rhys.myring.adm\onedrive - birmingham city university\module8\work\game\sfmlframework\sfmlframework\release\configsettingsmanager.obj
c:\users\rhys.myring.adm\onedrive - birmingham city university\module8\work\game\sfmlframework\sfmlframework\release\mousemanager.obj
c:\users\rhys.myring.adm\onedrive - birmingham city university\module8\work\game\sfmlframework\sfmlframework\release\fontmanager.obj
c:\users\rhys.myring.adm\onedrive - birmingham city university\module8\work\game\sfmlframework\sfmlframework\release\sfmlframework.ipdb
c:\users\rhys.myring.adm\onedrive - birmingham city university\module8\work\game\sfmlframework\sfmlframework\release\sfmlframework.iobj
c:\users\rhys.myring.adm\onedrive - birmingham city university\module8\work\game\sfmlframework\release\sfmlframework.pdb
c:\users\rhys.myring.adm\onedrive - birmingham city university\module8\work\game\sfmlframework\sfmlframework\release\sfmlframework.tlog\cl.command.1.tlog
c:\users\rhys.myring.adm\onedrive - birmingham city university\module8\work\game\sfmlframework\sfmlframework\release\sfmlframework.tlog\cl.read.1.tlog
c:\users\rhys.myring.adm\onedrive - birmingham city university\module8\work\game\sfmlframework\sfmlframework\release\sfmlframework.tlog\cl.write.1.tlog
c:\users\rhys.myring.adm\onedrive - birmingham city university\module8\work\game\sfmlframework\sfmlframework\release\sfmlframework.tlog\link.command.1.tlog
c:\users\rhys.myring.adm\onedrive - birmingham city university\module8\work\game\sfmlframework\sfmlframework\release\sfmlframework.tlog\link.read.1.tlog
c:\users\rhys.myring.adm\onedrive - birmingham city university\module8\work\game\sfmlframework\sfmlframework\release\sfmlframework.tlog\link.write.1.tlog
