c:\users\rhys.myring.adm\onedrive - birmingham city university\module8\work\game\sfmlframework\sfmlframework\debug\vc142.pdb
c:\users\rhys.myring.adm\onedrive - birmingham city university\module8\work\game\sfmlframework\sfmlframework\debug\vc142.idb
c:\users\rhys.myring.adm\onedrive - birmingham city university\module8\work\game\sfmlframework\sfmlframework\debug\texturemanager.obj
c:\users\rhys.myring.adm\onedrive - birmingham city university\module8\work\game\sfmlframework\sfmlframework\debug\soundmanager.obj
c:\users\rhys.myring.adm\onedrive - birmingham city university\module8\work\game\sfmlframework\sfmlframework\debug\enemybullet.obj
c:\users\rhys.myring.adm\onedrive - birmingham city university\module8\work\game\sfmlframework\sfmlframework\debug\scoremanager.obj
c:\users\rhys.myring.adm\onedrive - birmingham city university\module8\work\game\sfmlframework\sfmlframework\debug\player.obj
c:\users\rhys.myring.adm\onedrive - birmingham city university\module8\work\game\sfmlframework\sfmlframework\debug\main.obj
c:\users\rhys.myring.adm\onedrive - birmingham city university\module8\work\game\sfmlframework\sfmlframework\debug\invaderformationmanager.obj
c:\users\rhys.myring.adm\onedrive - birmingham city university\module8\work\game\sfmlframework\sfmlframework\debug\invader.obj
c:\users\rhys.myring.adm\onedrive - birmingham city university\module8\work\game\sfmlframework\sfmlframework\debug\highscoremanager.obj
c:\users\rhys.myring.adm\onedrive - birmingham city university\module8\work\game\sfmlframework\sfmlframework\debug\helpers.obj
c:\users\rhys.myring.adm\onedrive - birmingham city university\module8\work\game\sfmlframework\sfmlframework\debug\gametext.obj
c:\users\rhys.myring.adm\onedrive - birmingham city university\module8\work\game\sfmlframework\sfmlframework\debug\gamesprite.obj
c:\users\rhys.myring.adm\onedrive - birmingham city university\module8\work\game\sfmlframework\sfmlframework\debug\game.obj
c:\users\rhys.myring.adm\onedrive - birmingham city university\module8\work\game\sfmlframework\sfmlframework\debug\collisiondetector.obj
c:\users\rhys.myring.adm\onedrive - birmingham city university\module8\work\game\sfmlframework\sfmlframework\debug\bullet.obj
c:\users\rhys.myring.adm\onedrive - birmingham city university\module8\work\game\sfmlframework\sfmlframework\debug\animation.obj
c:\users\rhys.myring.adm\onedrive - birmingham city university\module8\work\game\sfmlframework\sfmlframework\debug\animatedgamesprite.obj
c:\users\rhys.myring.adm\onedrive - birmingham city university\module8\work\game\sfmlframework\sfmlframework\debug\fontmanager.obj
c:\users\rhys.myring.adm\onedrive - birmingham city university\module8\work\game\sfmlframework\sfmlframework\debug\mousemanager.obj
c:\users\rhys.myring.adm\onedrive - birmingham city university\module8\work\game\sfmlframework\sfmlframework\debug\textinputmanager.obj
c:\users\rhys.myring.adm\onedrive - birmingham city university\module8\work\game\sfmlframework\sfmlframework\debug\configsettingsmanager.obj
c:\users\rhys.myring.adm\onedrive - birmingham city university\module8\work\game\sfmlframework\debug\sfmlframework.exe
c:\users\rhys.myring.adm\onedrive - birmingham city university\module8\work\game\sfmlframework\sfmlframework\debug\sfmlframework.ilk
c:\users\rhys.myring.adm\onedrive - birmingham city university\module8\work\game\sfmlframework\debug\sfmlframework.pdb
c:\users\rhys.myring.adm\onedrive - birmingham city university\module8\work\game\sfmlframework\sfmlframework\debug\sfmlframework.tlog\cl.command.1.tlog
c:\users\rhys.myring.adm\onedrive - birmingham city university\module8\work\game\sfmlframework\sfmlframework\debug\sfmlframework.tlog\cl.read.1.tlog
c:\users\rhys.myring.adm\onedrive - birmingham city university\module8\work\game\sfmlframework\sfmlframework\debug\sfmlframework.tlog\cl.write.1.tlog
c:\users\rhys.myring.adm\onedrive - birmingham city university\module8\work\game\sfmlframework\sfmlframework\debug\sfmlframework.tlog\link.command.1.tlog
c:\users\rhys.myring.adm\onedrive - birmingham city university\module8\work\game\sfmlframework\sfmlframework\debug\sfmlframework.tlog\link.read.1.tlog
c:\users\rhys.myring.adm\onedrive - birmingham city university\module8\work\game\sfmlframework\sfmlframework\debug\sfmlframework.tlog\link.write.1.tlog
